<?xml version="1.0" encoding="UTF-8"?>
<!-- Generated by org.testng.reporters.JUnitReportReporter -->
<testsuite hostname="user" name="com.innoventes.amagi.AppTest" tests="3" failures="0" timestamp="3 Mar 2016 08:53:32 GMT" time="31.127" errors="0">
  <testcase name="userhierachytest" time="8.953" classname="com.innoventes.amagi.AppTest"/>
  <testcase name="normaluserlinktestanddsrentrytes" time="12.929" classname="com.innoventes.amagi.AppTest"/>
  <testcase name="adminlinktest_dsrcheck" time="9.245" classname="com.innoventes.amagi.AppTest"/>
</testsuite> <!-- com.innoventes.amagi.AppTest -->
